<?xml version="1.0" encoding="utf-8"?><testsuites name="pytest tests"><testsuite name="pytest" errors="0" failures="0" skipped="0" tests="4" time="8.795" timestamp="2026-08-31T14:49:31.730484+00:00" hostname="agent-env-e7a7caf0-da0b-4fd0-a3e3-194e77e93d2e"><testcase classname="tests.test_iter3_features.TestAlarmHistoryEmpty" name="test_history_empty_for_new_device" time="0.586" /><testcase classname="tests.test_iter3_features.TestChangePct" name="test_prices_have_change_pct_field" time="0.635" /><testcase classname="tests.test_iter3_features.TestChangePct" name="test_at_least_some_items_have_numeric_change_pct" time="0.111" /><testcase classname="tests.test_iter3_features.TestAlarmTriggerHistory" name="test_trigger_writes_history_record" time="7.700" /></testsuite></testsuites>