<?xml version="1.0" encoding="utf-8"?><testsuites name="pytest tests"><testsuite name="pytest" errors="0" failures="0" skipped="0" tests="11" time="16.495" timestamp="2026-09-01T07:50:18.269907+00:00" hostname="agent-env-2efde9d5-2fef-4eab-bc86-a76ffeb23958"><testcase classname="tests.test_iter4_ai_portfolio.TestPortfolioAdvice" name="test_reject_empty_portfolio" time="0.344" /><testcase classname="tests.test_iter4_ai_portfolio.TestAiChat" name="test_reject_empty_message" time="0.400" /><testcase classname="tests.test_iter4_ai_portfolio.TestAiChat" name="test_chat_reply" time="2.998" /><testcase classname="tests.test_iter4_ai_portfolio.TestPortfolioAdvice" name="test_portfolio_math_and_advice" time="7.843" /><testcase classname="tests.test_iter4_ai_portfolio.TestAiChat" name="test_chat_history_persisted" time="0.131" /><testcase classname="tests.test_iter4_ai_portfolio.TestAiChat" name="test_chat_multi_turn_continuity" time="3.147" /><testcase classname="tests.test_iter4_ai_portfolio.TestAiChat" name="test_clear_history" time="0.266" /><testcase classname="tests.test_iter4_ai_portfolio.TestAiCommentary" name="test_commentary_returns_grounded_text" time="7.518" /><testcase classname="tests.test_iter4_ai_portfolio.TestPortfolioAdvice" name="test_portfolio_multi_holdings" time="7.847" /><testcase classname="tests.test_iter4_ai_portfolio.TestRegression" name="test_meta" time="0.141" /><testcase classname="tests.test_iter4_ai_portfolio.TestRegression" name="test_prices" time="0.000" /></testsuite></testsuites>