<?xml version="1.0" encoding="utf-8"?><testsuites name="pytest tests"><testsuite name="pytest" errors="0" failures="0" skipped="0" tests="10" time="14.619" timestamp="2026-09-01T08:14:39.660659+00:00" hostname="agent-env-2efde9d5-2fef-4eab-bc86-a76ffeb23958"><testcase classname="tests.test_iter5_features.TestAiChatAlarm" name="test_alarm_intent_creates_alarm" time="3.723" /><testcase classname="tests.test_iter5_features.TestAiRegression" name="test_commentary" time="6.730" /><testcase classname="tests.test_iter5_features.TestAiChatAlarm" name="test_alarm_persisted_in_list" time="0.042" /><testcase classname="tests.test_iter5_features.TestAiChatAlarm" name="test_non_alarm_message" time="1.939" /><testcase classname="tests.test_iter5_features.TestPublic" name="test_prices_ok" time="0.065" /><testcase classname="tests.test_iter5_features.TestPublic" name="test_meta_ok" time="0.043" /><testcase classname="tests.test_iter5_features.TestTranscribeEndpoint" name="test_endpoint_exists_missing_file" time="0.224" /><testcase classname="tests.test_iter5_features.TestTranscribeEndpoint" name="test_empty_file_returns_400" time="0.343" /><testcase classname="tests.test_iter5_features.TestAiRegression" name="test_portfolio_advice" time="7.315" /><testcase classname="tests.test_iter5_features.TestAiRegression" name="test_ai_messages_get_and_clear" time="0.261" /></testsuite></testsuites>