<?xml version="1.0" encoding="utf-8"?><testsuites name="pytest tests"><testsuite name="pytest" errors="0" failures="0" skipped="0" tests="12" time="16.483" timestamp="2026-09-01T08:55:55.278726+00:00" hostname="agent-env-2efde9d5-2fef-4eab-bc86-a76ffeb23958"><testcase classname="tests.test_iter6_tts.TestRegression" name="test_prices_ok" time="2.174" /><testcase classname="tests.test_iter6_tts.TestTTS" name="test_tts_generate_returns_url" time="2.153" /><testcase classname="tests.test_iter6_tts.TestTTS" name="test_tts_audio_fetch" time="0.078" /><testcase classname="tests.test_iter6_tts.TestRegression" name="test_ai_chat_ok" time="1.872" /><testcase classname="tests.test_iter6_tts.TestTTS" name="test_tts_empty_text_400" time="0.063" /><testcase classname="tests.test_iter6_tts.TestTTS" name="test_tts_whitespace_only_400" time="0.062" /><testcase classname="tests.test_iter6_tts.TestTTS" name="test_tts_audio_invalid_key_404" time="0.064" /><testcase classname="tests.test_iter6_tts.TestTTS" name="test_tts_audio_valid_hex_but_missing_404" time="0.064" /><testcase classname="tests.test_iter6_tts.TestTTS" name="test_tts_cache_same_key" time="1.340" /><testcase classname="tests.test_iter6_tts.TestRegression" name="test_ai_commentary_ok" time="5.840" /><testcase classname="tests.test_iter6_tts.TestRegression" name="test_ai_portfolio_advice_ok" time="6.070" /><testcase classname="tests.test_iter6_tts.TestRegression" name="test_ai_transcribe_empty_returns_error" time="0.208" /></testsuite></testsuites>