<?xml version="1.0" encoding="utf-8"?><testsuites name="pytest tests"><testsuite name="pytest" errors="0" failures="0" skipped="0" tests="9" time="8.843" timestamp="2026-08-31T14:33:10.086442+00:00" hostname="agent-env-e7a7caf0-da0b-4fd0-a3e3-194e77e93d2e"><testcase classname="tests.test_new_features.TestDayRange" name="test_usd_day_range_present" time="0.397" /><testcase classname="tests.test_new_features.TestPricesOrder" name="test_prices_sorted_by_order" time="0.580" /><testcase classname="tests.test_new_features.TestDayRange" name="test_gold_day_range" time="0.126" /><testcase classname="tests.test_new_features.TestReorder" name="test_reorder_requires_auth" time="0.110" /><testcase classname="tests.test_new_features.TestPricesOrder" name="test_prices_currency_only" time="0.147" /><testcase classname="tests.test_new_features.TestAlarms" name="test_create_list_trigger_reset_delete" time="7.291" /><testcase classname="tests.test_new_features.TestReorder" name="test_reorder_reflects_in_prices" time="0.814" /><testcase classname="tests.test_new_features.TestRegisterPush" name="test_register_push_graceful" time="0.211" /><testcase classname="tests.test_new_features.TestAlarms" name="test_bad_condition_rejected" time="0.473" /></testsuite></testsuites>