<?xml version="1.0" encoding="utf-8"?><testsuites name="pytest tests"><testsuite name="pytest" errors="0" failures="0" skipped="0" tests="10" time="17.827" timestamp="2026-09-01T09:13:25.289867+00:00" hostname="agent-env-2efde9d5-2fef-4eab-bc86-a76ffeb23958"><testcase classname="tests.test_iter7_bugs.TestHistoryRange" name="test_all_ranges_return_200" time="0.923" /><testcase classname="tests.test_iter7_bugs.TestRegressions" name="test_meta_ok" time="0.379" /><testcase classname="tests.test_iter7_bugs.TestRegressions" name="test_prices_ok" time="0.105" /><testcase classname="tests.test_iter7_bugs.TestRegressions" name="test_ai_commentary_ok" time="6.171" /><testcase classname="tests.test_iter7_bugs.TestHistoryRange" name="test_default_range_is_1G" time="0.169" /><testcase classname="tests.test_iter7_bugs.TestHistoryRange" name="test_1s_window_not_wider_than_1G" time="0.240" /><testcase classname="tests.test_iter7_bugs.TestTranscribe" name="test_empty_file_returns_400" time="0.065" /><testcase classname="tests.test_iter7_bugs.TestTranscribe" name="test_transcribe_real_audio_from_tts" time="2.198" /><testcase classname="tests.test_iter7_bugs.TestRegressions" name="test_ai_chat_alarm_intent" time="2.837" /><testcase classname="tests.test_iter7_bugs.TestRegressions" name="test_portfolio_advice_ok" time="8.016" /></testsuite></testsuites>