<?xml version="1.0" encoding="utf-8"?><testsuites name="pytest tests"><testsuite name="pytest" errors="0" failures="0" skipped="0" tests="15" time="4.976" timestamp="2026-08-31T14:00:23.019099+00:00" hostname="agent-env-e7a7caf0-da0b-4fd0-a3e3-194e77e93d2e"><testcase classname="tests.test_onlinekur_api.TestAuth" name="test_login_wrong_pw" time="0.544" /><testcase classname="tests.test_onlinekur_api.TestPrices" name="test_prices_all" time="0.226" /><testcase classname="tests.test_onlinekur_api.TestPrices" name="test_prices_gold_filter" time="0.292" /><testcase classname="tests.test_onlinekur_api.TestPrices" name="test_prices_currency_filter" time="0.071" /><testcase classname="tests.test_onlinekur_api.TestAuth" name="test_login_ok" time="0.336" /><testcase classname="tests.test_onlinekur_api.TestPrices" name="test_usd_number_parsing" time="0.278" /><testcase classname="tests.test_onlinekur_api.TestPrices" name="test_gram_altin_parsing" time="0.105" /><testcase classname="tests.test_onlinekur_api.TestAuth" name="test_admin_health_no_token" time="0.083" /><testcase classname="tests.test_onlinekur_api.TestAuth" name="test_admin_products_no_token" time="0.090" /><testcase classname="tests.test_onlinekur_api.TestPrices" name="test_history_endpoint" time="0.080" /><testcase classname="tests.test_onlinekur_api.TestMeta" name="test_meta" time="0.065" /><testcase classname="tests.test_onlinekur_api.TestAuth" name="test_admin_health_with_token" time="0.553" /><testcase classname="tests.test_onlinekur_api.TestManual" name="test_manual_price" time="2.024" /><testcase classname="tests.test_onlinekur_api.TestMarginFlow" name="test_margin_draft_and_publish" time="1.600" /><testcase classname="tests.test_onlinekur_api.TestGlobalMargin" name="test_global_margin_flow" time="1.433" /></testsuite></testsuites>